<?xml version="1.0" encoding="UTF-8"?>
<!-- Generated by org.testng.reporters.JUnitReportReporter -->
<testsuite skipped="0" hostname="Pravins-MacBook-Pro.local" name="stepDefinations.LoginStepDefination" tests="1" failures="0" timestamp="2022-12-14T21:38:32 IST" time="9.578" errors="0">
  <testcase name="launchDriver" time="9.578" classname="stepDefinations.LoginStepDefination"/>
  <system-out/>
</testsuite> <!-- stepDefinations.LoginStepDefination -->
