<?xml version="1.0" encoding="UTF-8"?>
<!-- Generated by org.testng.reporters.JUnitReportReporter -->
<testsuite skipped="0" hostname="Pravins-MacBook-Pro.local" name="base.TestBase" tests="1" failures="0" timestamp="2022-12-12T21:40:31 IST" time="0.014" errors="0">
  <testcase name="launchDriver" time="0.014" classname="base.TestBase"/>
  <system-out/>
</testsuite> <!-- base.TestBase -->
